[    0.000000] Linux version 4.15.0-54-generic (buildd@lgw01-amd64-014) (gcc version 7.4.0 (Ubuntu 7.4.0-1ubuntu1~18.04.1)) #58-Ubuntu SMP Mon Jun 24 10:55:24 UTC 2019 (Ubuntu 4.15.0-54.58-generic 4.15.18)
[    0.000000] Command line: BOOT_IMAGE=/boot/vmlinuz-4.15.0-54-generic root=LABEL=cloudimg-rootfs ro console=tty1 console=ttyS0
[    0.000000] KERNEL supported cpus:
[    0.000000]   Intel GenuineIntel
[    0.000000]   AMD AuthenticAMD
[    0.000000]   Centaur CentaurHauls
[    0.000000] x86/fpu: Supporting XSAVE feature 0x001: 'x87 floating point registers'
[    0.000000] x86/fpu: Supporting XSAVE feature 0x002: 'SSE registers'
[    0.000000] x86/fpu: Supporting XSAVE feature 0x004: 'AVX registers'
[    0.000000] x86/fpu: xstate_offset[2]:  576, xstate_sizes[2]:  256
[    0.000000] x86/fpu: Enabled xstate features 0x7, context size is 832 bytes, using 'standard' format.
[    0.000000] e820: BIOS-provided physical RAM map:
[    0.000000] BIOS-e820: [mem 0x0000000000000000-0x000000000009fbff] usable
[    0.000000] BIOS-e820: [mem 0x000000000009fc00-0x000000000009ffff] reserved
[    0.000000] BIOS-e820: [mem 0x00000000000f0000-0x00000000000fffff] reserved
[    0.000000] BIOS-e820: [mem 0x0000000000100000-0x000000003ffeffff] usable
[    0.000000] BIOS-e820: [mem 0x000000003fff0000-0x000000003fffffff] ACPI data
[    0.000000] BIOS-e820: [mem 0x00000000fec00000-0x00000000fec00fff] reserved
[    0.000000] BIOS-e820: [mem 0x00000000fee00000-0x00000000fee00fff] reserved
[    0.000000] BIOS-e820: [mem 0x00000000fffc0000-0x00000000ffffffff] reserved
[    0.000000] NX (Execute Disable) protection: active
[    0.000000] SMBIOS 2.5 present.
[    0.000000] DMI: innotek GmbH VirtualBox/VirtualBox, BIOS VirtualBox 12/01/2006
[    0.000000] Hypervisor detected: KVM
[    0.000000] e820: last_pfn = 0x3fff0 max_arch_pfn = 0x400000000
[    0.000000] MTRR: Disabled
[    0.000000] x86/PAT: MTRRs disabled, skipping PAT initialization too.
[    0.000000] CPU MTRRs all blank - virtualized system.
[    0.000000] x86/PAT: Configuration [0-7]: WB  WT  UC- UC  WB  WT  UC- UC  
[    0.000000] found SMP MP-table at [mem 0x0009fff0-0x0009ffff] mapped at [        (ptrval)]
[    0.000000] Scanning 1 areas for low memory corruption
[    0.000000] RAMDISK: [mem 0x35a93000-0x36d40fff]
[    0.000000] ACPI: Early table checksum verification disabled
[    0.000000] ACPI: RSDP 0x00000000000E0000 000024 (v02 VBOX  )
[    0.000000] ACPI: XSDT 0x000000003FFF0030 00003C (v01 VBOX   VBOXXSDT 00000001 ASL  00000061)
[    0.000000] ACPI: FACP 0x000000003FFF00F0 0000F4 (v04 VBOX   VBOXFACP 00000001 ASL  00000061)
[    0.000000] ACPI: DSDT 0x000000003FFF0470 0022EA (v02 VBOX   VBOXBIOS 00000002 INTL 20100528)
[    0.000000] ACPI: FACS 0x000000003FFF0200 000040
[    0.000000] ACPI: FACS 0x000000003FFF0200 000040
[    0.000000] ACPI: APIC 0x000000003FFF0240 00005C (v02 VBOX   VBOXAPIC 00000001 ASL  00000061)
[    0.000000] ACPI: SSDT 0x000000003FFF02A0 0001CC (v01 VBOX   VBOXCPUT 00000002 INTL 20100528)
[    0.000000] No NUMA configuration found
[    0.000000] Faking a node at [mem 0x0000000000000000-0x000000003ffeffff]
[    0.000000] NODE_DATA(0) allocated [mem 0x3ffc5000-0x3ffeffff]
[    0.000000] kvm-clock: cpu 0, msr 0:3ff44001, primary cpu clock
[    0.000000] kvm-clock: Using msrs 4b564d01 and 4b564d00
[    0.000000] kvm-clock: using sched offset of 3755403813 cycles
[    0.000000] clocksource: kvm-clock: mask: 0xffffffffffffffff max_cycles: 0x1cd42e4dffb, max_idle_ns: 881590591483 ns
[    0.000000] Zone ranges:
[    0.000000]   DMA      [mem 0x0000000000001000-0x0000000000ffffff]
[    0.000000]   DMA32    [mem 0x0000000001000000-0x000000003ffeffff]
[    0.000000]   Normal   empty
[    0.000000]   Device   empty
[    0.000000] Movable zone start for each node
[    0.000000] Early memory node ranges
[    0.000000]   node   0: [mem 0x0000000000001000-0x000000000009efff]
[    0.000000]   node   0: [mem 0x0000000000100000-0x000000003ffeffff]
[    0.000000] Reserved but unavailable: 114 pages
[    0.000000] Initmem setup node 0 [mem 0x0000000000001000-0x000000003ffeffff]
[    0.000000] ACPI: PM-Timer IO Port: 0x4008
[    0.000000] IOAPIC[0]: apic_id 2, version 32, address 0xfec00000, GSI 0-23
[    0.000000] ACPI: INT_SRC_OVR (bus 0 bus_irq 0 global_irq 2 dfl dfl)
[    0.000000] ACPI: INT_SRC_OVR (bus 0 bus_irq 9 global_irq 9 low level)
[    0.000000] Using ACPI (MADT) for SMP configuration information
[    0.000000] smpboot: Allowing 2 CPUs, 0 hotplug CPUs
[    0.000000] PM: Registered nosave memory: [mem 0x00000000-0x00000fff]
[    0.000000] PM: Registered nosave memory: [mem 0x0009f000-0x0009ffff]
[    0.000000] PM: Registered nosave memory: [mem 0x000a0000-0x000effff]
[    0.000000] PM: Registered nosave memory: [mem 0x000f0000-0x000fffff]
[    0.000000] e820: [mem 0x40000000-0xfebfffff] available for PCI devices
[    0.000000] Booting paravirtualized kernel on KVM
[    0.000000] clocksource: refined-jiffies: mask: 0xffffffff max_cycles: 0xffffffff, max_idle_ns: 7645519600211568 ns
[    0.000000] random: get_random_bytes called from start_kernel+0x99/0x4fd with crng_init=0
[    0.000000] setup_percpu: NR_CPUS:8192 nr_cpumask_bits:2 nr_cpu_ids:2 nr_node_ids:1
[    0.000000] percpu: Embedded 46 pages/cpu @        (ptrval) s151552 r8192 d28672 u1048576
[    0.000000] PV qspinlock hash table entries: 256 (order: 0, 4096 bytes)
[    0.000000] Built 1 zonelists, mobility grouping on.  Total pages: 257913
[    0.000000] Policy zone: DMA32
[    0.000000] Kernel command line: BOOT_IMAGE=/boot/vmlinuz-4.15.0-54-generic root=LABEL=cloudimg-rootfs ro console=tty1 console=ttyS0
[    0.000000] Memory: 983456K/1048120K available (12300K kernel code, 2473K rwdata, 4272K rodata, 2408K init, 2416K bss, 64664K reserved, 0K cma-reserved)
[    0.000000] SLUB: HWalign=64, Order=0-3, MinObjects=0, CPUs=2, Nodes=1
[    0.000000] Kernel/User page tables isolation: enabled
[    0.000000] ftrace: allocating 39216 entries in 154 pages
[    0.004000] Hierarchical RCU implementation.
[    0.004000] 	RCU restricting CPUs from NR_CPUS=8192 to nr_cpu_ids=2.
[    0.004000] 	Tasks RCU enabled.
[    0.004000] RCU: Adjusting geometry for rcu_fanout_leaf=16, nr_cpu_ids=2
[    0.004000] NR_IRQS: 524544, nr_irqs: 440, preallocated irqs: 16
[    0.004000] Console: colour VGA+ 80x25
[    0.004000] console [tty1] enabled
[    0.004000] console [ttyS0] enabled
[    0.004000] ACPI: Core revision 20170831
[    0.004000] ACPI: 2 ACPI AML tables successfully acquired and loaded
[    0.004000] APIC: Switch to symmetric I/O mode setup
[    0.004000] x2apic enabled
[    0.004000] Switched APIC routing to physical x2apic.
[    0.004000] ..TIMER: vector=0x30 apic1=0 pin1=2 apic2=-1 pin2=-1
[    0.004004] tsc: Detected 2304.000 MHz processor
[    0.004918] Calibrating delay loop (skipped) preset value.. 4608.00 BogoMIPS (lpj=9216000)
[    0.005615] pid_max: default: 32768 minimum: 301
[    0.008027] Security Framework initialized
[    0.008849] Yama: becoming mindful.
[    0.009574] AppArmor: AppArmor initialized
[    0.011602] Dentry cache hash table entries: 131072 (order: 8, 1048576 bytes)
[    0.012062] Inode-cache hash table entries: 65536 (order: 7, 524288 bytes)
[    0.016015] Mount-cache hash table entries: 2048 (order: 2, 16384 bytes)
[    0.017319] Mountpoint-cache hash table entries: 2048 (order: 2, 16384 bytes)
[    0.018884] mce: CPU supports 0 MCE banks
[    0.020014] Last level iTLB entries: 4KB 64, 2MB 8, 4MB 8
[    0.021083] Last level dTLB entries: 4KB 64, 2MB 0, 4MB 0, 1GB 4
[    0.022370] Spectre V2 : Mitigation: Full generic retpoline
[    0.024001] Spectre V2 : Spectre v2 / SpectreRSB mitigation: Filling RSB on context switch
[    0.025635] Speculative Store Bypass: Vulnerable
[    0.026596] MDS: Vulnerable: Clear CPU buffers attempted, no microcode
[    0.028076] Freeing SMP alternatives memory: 36K
[    0.032000] smpboot: CPU0: Intel(R) Core(TM) i5-8259U CPU @ 2.30GHz (family: 0x6, model: 0x8e, stepping: 0xa)
[    0.032000] Performance Events: unsupported p6 CPU model 142 no PMU driver, software events only.
[    0.032067] Hierarchical SRCU implementation.
[    0.033639] NMI watchdog: Perf event create on CPU 0 failed with -2
[    0.036002] NMI watchdog: Perf NMI watchdog permanently disabled
[    0.037280] smp: Bringing up secondary CPUs ...
[    0.038410] x86: Booting SMP configuration:
[    0.040005] .... node  #0, CPUs:      #1
[    0.004000] kvm-clock: cpu 1, msr 0:3ff44041, secondary cpu clock
[    0.004000] mce: CPU supports 0 MCE banks
[    0.044023] smp: Brought up 1 node, 2 CPUs
[    0.044881] smpboot: Max logical packages: 1
[    0.045742] smpboot: Total of 2 processors activated (9216.00 BogoMIPS)
[    0.048043] devtmpfs: initialized
[    0.048735] x86/mm: Memory block size: 128MB
[    0.049847] evm: security.selinux
[    0.050905] evm: security.SMACK64
[    0.051585] evm: security.SMACK64EXEC
[    0.052003] evm: security.SMACK64TRANSMUTE
[    0.053160] evm: security.SMACK64MMAP
[    0.053924] evm: security.apparmor
[    0.054653] evm: security.ima
[    0.055593] evm: security.capability
[    0.056081] clocksource: jiffies: mask: 0xffffffff max_cycles: 0xffffffff, max_idle_ns: 7645041785100000 ns
[    0.058434] futex hash table entries: 512 (order: 3, 32768 bytes)
[    0.060041] pinctrl core: initialized pinctrl subsystem
[    0.062231] RTC time:  1:20:03, date: 07/22/19
[    0.064163] NET: Registered protocol family 16
[    0.065115] audit: initializing netlink subsys (disabled)
[    0.066233] audit: type=2000 audit(1563758407.671:1): state=initialized audit_enabled=0 res=1
[    0.068009] cpuidle: using governor ladder
[    0.068840] cpuidle: using governor menu
[    0.069858] ACPI: bus type PCI registered
[    0.071033] acpiphp: ACPI Hot Plug PCI Controller Driver version: 0.5
[    0.072123] PCI: Using configuration type 1 for base access
[    0.076038] HugeTLB registered 2.00 MiB page size, pre-allocated 0 pages
[    0.077433] ACPI: Added _OSI(Module Device)
[    0.077433] ACPI: Added _OSI(Processor Device)
[    0.077845] ACPI: Added _OSI(3.0 _SCP Extensions)
[    0.080002] ACPI: Added _OSI(Processor Aggregator Device)
[    0.081140] ACPI: Added _OSI(Linux-Dell-Video)
[    0.082046] ACPI: Added _OSI(Linux-Lenovo-NV-HDMI-Audio)
[    0.083139] ACPI: Added _OSI(Linux-HPI-Hybrid-Graphics)
[    0.084383] ACPI: Executed 1 blocks of module-level executable AML code
[    0.089228] ACPI: Interpreter enabled
[    0.089992] ACPI: (supports S0 S5)
[    0.090693] ACPI: Using IOAPIC for interrupt routing
[    0.092177] PCI: Using host bridge windows from ACPI; if necessary, use "pci=nocrs" and report a bug
[    0.094188] ACPI: Enabled 2 GPEs in block 00 to 07
[    0.101247] ACPI: PCI Root Bridge [PCI0] (domain 0000 [bus 00-ff])
[    0.102732] acpi PNP0A03:00: _OSC: OS supports [ASPM ClockPM Segments MSI]
[    0.104268] acpi PNP0A03:00: _OSC: not requesting OS control; OS requires [ExtendedConfig ASPM ClockPM MSI]
[    0.106789] acpi PNP0A03:00: fail to add MMCONFIG information, can't access extended PCI configuration space under this bridge.
[    0.108406] PCI host bridge to bus 0000:00
[    0.109278] pci_bus 0000:00: root bus resource [io  0x0000-0x0cf7 window]
[    0.112004] pci_bus 0000:00: root bus resource [io  0x0d00-0xffff window]
[    0.113585] pci_bus 0000:00: root bus resource [mem 0x000a0000-0x000bffff window]
[    0.115172] pci_bus 0000:00: root bus resource [mem 0x40000000-0xfdffffff window]
[    0.116004] pci_bus 0000:00: root bus resource [bus 00-ff]
[    0.123347] pci 0000:00:01.1: legacy IDE quirk: reg 0x10: [io  0x01f0-0x01f7]
[    0.124004] pci 0000:00:01.1: legacy IDE quirk: reg 0x14: [io  0x03f6]
[    0.125275] pci 0000:00:01.1: legacy IDE quirk: reg 0x18: [io  0x0170-0x0177]
[    0.128002] pci 0000:00:01.1: legacy IDE quirk: reg 0x1c: [io  0x0376]
[    0.145384] pci 0000:00:07.0: quirk: [io  0x4000-0x403f] claimed by PIIX4 ACPI
[    0.146901] pci 0000:00:07.0: quirk: [io  0x4100-0x410f] claimed by PIIX4 SMB
[    0.157269] ACPI: PCI Interrupt Link [LNKA] (IRQs 5 9 10 *11)
[    0.158764] ACPI: PCI Interrupt Link [LNKB] (IRQs 5 9 *10 11)
[    0.160120] ACPI: PCI Interrupt Link [LNKC] (IRQs 5 *9 10 11)
[    0.161690] ACPI: PCI Interrupt Link [LNKD] (IRQs 5 9 10 *11)
[    0.163148] SCSI subsystem initialized
[    0.164080] pci 0000:00:02.0: vgaarb: setting as boot VGA device
[    0.165954] pci 0000:00:02.0: vgaarb: VGA device added: decodes=io+mem,owns=io+mem,locks=none
[    0.168029] pci 0000:00:02.0: vgaarb: bridge control possible
[    0.169396] vgaarb: loaded
[    0.170024] ACPI: bus type USB registered
[    0.172023] usbcore: registered new interface driver usbfs
[    0.173152] usbcore: registered new interface driver hub
[    0.174261] usbcore: registered new device driver usb
[    0.175342] EDAC MC: Ver: 3.0.0
[    0.176354] PCI: Using ACPI for IRQ routing
[    0.177224] NetLabel: Initializing
[    0.177936] NetLabel:  domain hash size = 128
[    0.179054] NetLabel:  protocols = UNLABELED CIPSOv4 CALIPSO
[    0.180016] NetLabel:  unlabeled traffic allowed by default
[    0.181128] clocksource: Switched to clocksource kvm-clock
[    0.191799] VFS: Disk quotas dquot_6.6.0
[    0.193038] VFS: Dquot-cache hash table entries: 512 (order 0, 4096 bytes)
[    0.194449] AppArmor: AppArmor Filesystem Enabled
[    0.195411] pnp: PnP ACPI init
[    0.197703] pnp: PnP ACPI: found 3 devices
[    0.207018] clocksource: acpi_pm: mask: 0xffffff max_cycles: 0xffffff, max_idle_ns: 2085701024 ns
[    0.209310] NET: Registered protocol family 2
[    0.211790] TCP established hash table entries: 8192 (order: 4, 65536 bytes)
[    0.213263] TCP bind hash table entries: 8192 (order: 5, 131072 bytes)
[    0.214540] TCP: Hash tables configured (established 8192 bind 8192)
[    0.215836] UDP hash table entries: 512 (order: 2, 16384 bytes)
[    0.217159] UDP-Lite hash table entries: 512 (order: 2, 16384 bytes)
[    0.218422] NET: Registered protocol family 1
[    0.219312] pci 0000:00:00.0: Limiting direct PCI/PCI transfers
[    0.220529] pci 0000:00:01.0: Activating ISA DMA hang workarounds
[    0.221967] pci 0000:00:02.0: Video device with shadowed ROM at [mem 0x000c0000-0x000dffff]
[    0.224061] Unpacking initramfs...
[    0.466433] Freeing initrd memory: 19128K
[    0.467390] clocksource: tsc: mask: 0xffffffffffffffff max_cycles: 0x2135f7c97c8, max_idle_ns: 440795273205 ns
[    0.469504] platform rtc_cmos: registered platform RTC device (no PNP device found)
[    0.471055] Scanning for low memory corruption every 60 seconds
[    0.473554] Initialise system trusted keyrings
[    0.475323] Key type blacklist registered
[    0.476635] workingset: timestamp_bits=36 max_order=18 bucket_order=0
[    0.478914] zbud: loaded
[    0.480120] squashfs: version 4.0 (2009/01/31) Phillip Lougher
[    0.481748] fuse init (API version 7.26)
[    0.485320] Key type asymmetric registered
[    0.486364] Asymmetric key parser 'x509' registered
[    0.487678] Block layer SCSI generic (bsg) driver version 0.4 loaded (major 246)
[    0.489389] io scheduler noop registered
[    0.490201] io scheduler deadline registered
[    0.491099] io scheduler cfq registered (default)
[    0.492547] ACPI: AC Adapter [AC] (on-line)
[    0.493471] input: Power Button as /devices/LNXSYSTM:00/LNXPWRBN:00/input/input0
[    0.495025] ACPI: Power Button [PWRF]
[    0.495985] input: Sleep Button as /devices/LNXSYSTM:00/LNXSLPBN:00/input/input1
[    0.497547] ACPI: Sleep Button [SLPF]
[    0.499736] ACPI: Battery Slot [BAT0] (battery present)
[    0.500136] Serial: 8250/16550 driver, 32 ports, IRQ sharing enabled
[    0.521644] 00:02: ttyS0 at I/O 0x3f8 (irq = 4, base_baud = 115200) is a 16550A
[    0.524151] Linux agpgart interface v0.103
[    0.526694] loop: module loaded
[    0.527801] scsi host0: ata_piix
[    0.528954] scsi host1: ata_piix
[    0.529651] ata1: PATA max UDMA/33 cmd 0x1f0 ctl 0x3f6 bmdma 0xd000 irq 14
[    0.530972] ata2: PATA max UDMA/33 cmd 0x170 ctl 0x376 bmdma 0xd008 irq 15
[    0.532459] libphy: Fixed MDIO Bus: probed
[    0.533610] tun: Universal TUN/TAP device driver, 1.6
[    0.534624] PPP generic driver version 2.4.2
[    0.535501] ehci_hcd: USB 2.0 'Enhanced' Host Controller (EHCI) Driver
[    0.537001] ehci-pci: EHCI PCI platform driver
[    0.537907] ehci-platform: EHCI generic platform driver
[    0.538936] ohci_hcd: USB 1.1 'Open' Host Controller (OHCI) Driver
[    0.540132] ohci-pci: OHCI PCI platform driver
[    0.541077] ohci-platform: OHCI generic platform driver
[    0.542196] uhci_hcd: USB Universal Host Controller Interface driver
[    0.543461] i8042: PNP: PS/2 Controller [PNP0303:PS2K,PNP0f03:PS2M] at 0x60,0x64 irq 1,12
[    0.545855] serio: i8042 KBD port at 0x60,0x64 irq 1
[    0.546866] serio: i8042 AUX port at 0x60,0x64 irq 12
[    0.547915] mousedev: PS/2 mouse device common for all mice
[    0.549238] input: AT Translated Set 2 keyboard as /devices/platform/i8042/serio0/input/input2
[    0.551252] rtc_cmos rtc_cmos: rtc core: registered rtc_cmos as rtc0
[    0.552547] rtc_cmos rtc_cmos: alarms up to one day, 114 bytes nvram
[    0.553786] i2c /dev entries driver
[    0.554550] device-mapper: uevent: version 1.0.3
[    0.555510] device-mapper: ioctl: 4.37.0-ioctl (2017-09-20) initialised: dm-devel@redhat.com
[    0.557543] ledtrig-cpu: registered to indicate activity on CPUs
[    0.559042] NET: Registered protocol family 10
[    0.562709] Segment Routing with IPv6
[    0.563476] NET: Registered protocol family 17
[    0.564701] Key type dns_resolver registered
[    0.566184] RAS: Correctable Errors collector initialized.
[    0.567271] sched_clock: Marking stable (566126353, 0)->(837028710, -270902357)
[    0.569202] registered taskstats version 1
[    0.570044] Loading compiled-in X.509 certificates
[    0.572806] Loaded X.509 cert 'Build time autogenerated kernel key: 1cc14bc8298a06d551159822c55fa35abd77a621'
[    0.574830] zswap: loaded using pool lzo/zbud
[    0.578421] Key type big_key registered
[    0.579429] Key type trusted registered
[    0.581518] Key type encrypted registered
[    0.582330] AppArmor: AppArmor sha1 policy hashing enabled
[    0.583404] ima: No TPM chip found, activating TPM-bypass! (rc=-19)
[    0.585079] ima: Allocated hash algorithm: sha1
[    0.585990] evm: HMAC attrs: 0x1
[    0.586970]   Magic number: 11:34:307
[    0.587733] tty tty36: hash matches
[    0.588569] rtc_cmos rtc_cmos: setting system clock to 2019-07-22 01:20:03 UTC (1563758403)
[    0.590370] BIOS EDD facility v0.16 2004-Jun-25, 0 devices found
[    0.591644] EDD information not available.
[    0.701556] Freeing unused kernel image memory: 2408K
[    0.708415] Write protecting the kernel read-only data: 20480k
[    0.711253] Freeing unused kernel image memory: 2008K
[    0.713116] Freeing unused kernel image memory: 1872K
[    0.719888] x86/mm: Checked W+X mappings: passed, no W+X pages found.
[    0.721670] x86/mm: Checking user space page tables
[    0.727717] x86/mm: Checked W+X mappings: passed, no W+X pages found.
Loading, please wait...
starting version 237
[    0.778813] e1000: Intel(R) PRO/1000 Network Driver - version 7.3.21-k8-NAPI
[    0.780942] e1000: Copyright (c) 1999-2006 Intel Corporation.
[    0.790627] Fusion MPT base driver 3.04.20
[    0.792029] Copyright (c) 1999-2008 LSI Corporation
[    0.796459] Fusion MPT SPI Host driver 3.04.20
[    0.810209] AVX2 version of gcm_enc/dec engaged.
[    0.811777] AES CTR mode by8 optimization enabled
[    0.997122] input: ImExPS/2 Generic Explorer Mouse as /devices/platform/i8042/serio1/input/input4
[    1.181558] e1000 0000:00:03.0 eth0: (PCI:33MHz:32-bit) 02:8e:15:2e:ea:07
[    1.183576] e1000 0000:00:03.0 eth0: Intel(R) PRO/1000 Network Connection
[    1.186124] mptbase: ioc0: Initiating bringup
[    1.281162] ioc0: LSI53C1030 A0: Capabilities={Initiator}
[    1.534151] scsi host2: ioc0: LSI53C1030 A0, FwRev=00000000h, Ports=1, MaxQ=256, IRQ=20
[    1.705460] scsi 2:0:0:0: Direct-Access     VBOX     HARDDISK         1.0  PQ: 0 ANSI: 5
[    1.752360] scsi target2:0:0: Beginning Domain Validation
[    1.756058] scsi target2:0:0: Domain Validation skipping write tests
[    1.757813] scsi target2:0:0: Ending Domain Validation
[    1.759286] scsi target2:0:0: asynchronous
[    1.760888] scsi 2:0:1:0: Direct-Access     VBOX     HARDDISK         1.0  PQ: 0 ANSI: 5
[    2.064078] scsi target2:0:1: Beginning Domain Validation
[    2.066547] random: fast init done
[    2.067747] scsi target2:0:1: Domain Validation skipping write tests
[    2.069118] scsi target2:0:1: Ending Domain Validation
[    2.070204] scsi target2:0:1: asynchronous
[    2.074500] random: systemd-udevd: uninitialized urandom read (16 bytes read)
[    2.075918] random: systemd-udevd: uninitialized urandom read (16 bytes read)
[    2.077338] random: systemd-udevd: uninitialized urandom read (16 bytes read)
[    2.078940] sd 2:0:0:0: Attached scsi generic sg0 type 0
[    2.080106] sd 2:0:0:0: [sda] 20971520 512-byte logical blocks: (10.7 GB/10.0 GiB)
[    2.081860] sd 2:0:0:0: [sda] Write Protect is off
[    2.082913] sd 2:0:0:0: [sda] Incomplete mode parameter data
[    2.084043] sd 2:0:0:0: [sda] Assuming drive cache: write through
[    2.085526] sd 2:0:1:0: Attached scsi generic sg1 type 0
[    2.086097] sd 2:0:1:0: [sdb] 20480 512-byte logical blocks: (10.5 MB/10.0 MiB)
[    2.086147] sd 2:0:1:0: [sdb] Write Protect is off
[    2.086353] sd 2:0:1:0: [sdb] Incomplete mode parameter data
[    2.086354] sd 2:0:1:0: [sdb] Assuming drive cache: write through
[    2.087760]  sda: sda1
[    2.088218] sd 2:0:0:0: [sda] Attached SCSI disk
[    2.088944] sd 2:0:1:0: [sdb] Attached SCSI disk
[    2.113569] e1000 0000:00:08.0 eth1: (PCI:33MHz:32-bit) 08:00:27:59:2b:f5
[    2.115502] e1000 0000:00:08.0 eth1: Intel(R) PRO/1000 Network Connection
[    2.118950] e1000 0000:00:03.0 enp0s3: renamed from eth0
[    2.133135] e1000 0000:00:08.0 enp0s8: renamed from eth1
Begin: Loading essential drivers ... [    3.528249] raid6: sse2x1   gen() 13091 MB/s
[    3.576147] raid6: sse2x1   xor()  9370 MB/s
[    3.624216] raid6: sse2x2   gen() 16206 MB/s
[    3.672247] raid6: sse2x2   xor() 10604 MB/s
[    3.720030] raid6: sse2x4   gen() 16448 MB/s
[    3.768172] raid6: sse2x4   xor() 10244 MB/s
[    3.816223] raid6: avx2x1   gen() 26157 MB/s
[    3.864248] raid6: avx2x1   xor() 18148 MB/s
[    3.912235] raid6: avx2x2   gen() 31643 MB/s
[    3.960286] raid6: avx2x2   xor() 19805 MB/s
[    4.008018] raid6: avx2x4   gen() 36293 MB/s
[    4.056052] raid6: avx2x4   xor() 21985 MB/s
[    4.057382] raid6: using algorithm avx2x4 gen() 36293 MB/s
[    4.058442] raid6: .... xor() 21985 MB/s, rmw enabled
[    4.059485] raid6: using avx2x2 recovery algorithm
[    4.061681] xor: automatically using best checksumming function   avx       
[    4.064226] async_tx: api initialized (async)
done.
Begin: Running /scripts/init-premount ... done.
Begin: Mounting root file system ... Begin: Running /scripts/local-top ... done.
Begin: Running /scripts/local-premount ... [    4.101697] Btrfs loaded, crc32c=crc32c-intel
Scanning for Btrfs filesystems
done.
Warning: fsck not present, so skipping root file system
[    4.127706] EXT4-fs (sda1): mounted filesystem with ordered data mode. Opts: (null)
done.
Begin: Running /scripts/local-bottom ... done.
Begin: Running /scripts/init-bottom ... done.
[    4.299007] ip_tables: (C) 2000-2006 Netfilter Core Team
[    4.306792] systemd[1]: systemd 237 running in system mode. (+PAM +AUDIT +SELINUX +IMA +APPARMOR +SMACK +SYSVINIT +UTMP +LIBCRYPTSETUP +GCRYPT +GNUTLS +ACL +XZ +LZ4 +SECCOMP +BLKID +ELFUTILS +KMOD -IDN2 +IDN -PCRE2 default-hierarchy=hybrid)
[    4.311108] systemd[1]: Detected virtualization oracle.
[    4.312213] systemd[1]: Detected architecture x86-64.

Welcome to [1mUbuntu 18.04.2 LTS[0m!

[    4.317249] systemd[1]: Set hostname to <ubuntu-bionic>.
[    4.553477] systemd[1]: Set up automount Arbitrary Executable File Formats File System Automount Point.
[[0;32m  OK  [0m] Set up automount Arbitrary Executab…rmats File System Automount Point.
[    4.556858] systemd[1]: Reached target User and Group Name Lookups.
[[0;32m  OK  [0m] Reached target User and Group Name Lookups.
[    4.559170] systemd[1]: Started Forward Password Requests to Wall Directory Watch.
[[0;32m  OK  [0m] Started Forward Password Requests to Wall Directory Watch.
[    4.562073] systemd[1]: Reached target Swap.
[[0;32m  OK  [0m] Reached target Swap.
[    4.565147] systemd[1]: Created slice System Slice.
[[0;32m  OK  [0m] Created slice System Slice.
[    4.566967] systemd[1]: Listening on Journal Audit Socket.
[[0;32m  OK  [0m] Listening on Journal Audit Socket.
[[0;32m  OK  [0m] Listening on udev Control Socket.
[[0;32m  OK  [0m] Listening on LVM2 metadata daemon socket.
[[0;32m  OK  [0m] Listening on LVM2 poll daemon socket.
[[0;32m  OK  [0m] Listening on Network Service Netlink Socket.
[[0;32m  OK  [0m] Listening on Device-mapper event daemon FIFOs.
[[0;32m  OK  [0m] Listening on Syslog Socket.
[[0;32m  OK  [0m] Created slice system-serial\x2dgetty.slice.
[[0;32m  OK  [0m] Listening on /dev/initctl Compatibility Named Pipe.
[[0;32m  OK  [0m] Listening on Journal Socket (/dev/log).
[[0;32m  OK  [0m] Reached target System Time Synchronized.
[[0;32m  OK  [0m] Listening on Journal Socket.
         Starting Load Kernel Modules...
         Mounting Huge Pages File System...
         Starting Uncomplicated firewall...
         Starting Journal Service...
         Starting Create list of required st…ce nodes for the current kernel...
[    4.602847] Loading iSCSI transport class v2.0-870.
         Mounting Kernel Debug File System...
         Starting Set the console keyboard layout...
         Mounting POSIX Message Queue File System...
[    4.667562] iscsi: registered transport (tcp)
[[0;32m  OK  [0m] Listening on udev Kernel Socket.
         Starting udev Coldplug all Devices...
         Starting Monitoring of LVM2 mirrors…ng dmeventd or progress polling...
         Starting Remount Root and Kernel File Systems...
[    4.695802] iscsi: registered transport (iser)
[[0;32m  OK  [0m] Created slice User and Session Slice.
[[0;32m  OK  [0m] Reached target Slices.
[[0;32m  OK  [0m] Started Journal Service.
[[0;32m  OK  [0m] Started Load Kernel Modules.
[[0;32m  OK  [0m] Mounted Huge Pages File System.
[[0;32m  OK  [0m] Started Uncomplicated firewall.
[[0;32m  OK  [0m] Started Create list of required sta…vice nodes for the current kernel.
[[0;32m  OK  [0m] Mounted Kernel Debug File System.
[[0;32m  OK  [0m] Mounted POSIX Message Queue File System.
         Starting Create Static Device Nodes in /dev...
         Mounting FUSE Control File System...
         Mounting Kernel Configuration File System...
         Starting Apply Kernel Variables...
[[0;32m  OK  [0m] Mounted FUSE Control File System.
[    4.759468] EXT4-fs (sda1): re-mounted. Opts: (null)
[[0;32m  OK  [0m] Started Remount Root and Kernel File Systems.
[[0;32m  OK  [0m] Started udev Coldplug all Devices.
[[0;32m  OK  [0m] Started Create Static Device Nodes in /dev.
[[0;32m  OK  [0m] Mounted Kernel Configuration File System.
[[0;32m  OK  [0m] Started LVM2 metadata daemon.
         Starting udev Kernel Device Manager...
         Starting Load/Save Random Seed...
         Starting Flush Journal to Persistent Storage...
[[0;32m  OK  [0m] Started Apply Kernel Variables.
[[0;32m  OK  [0m] Started Monitoring of LVM2 mirrors,…sing dmeventd or progress polling.
[[0;32m  OK  [0m] Started Load/Save Random Seed.
[[0;32m  OK  [0m] Started Set the console keyboard layout.
[[0;32m  OK  [0m] Reached target Local File Systems (Pre).
[[0;32m  OK  [0m] Reached target Local File Systems.
         Starting ebtables ruleset management...
         Starting Set console font and keymap...
         Starting AppArmor initialization...
         Starting Tell Plymouth To Write Out Runtime Data...
[[0;32m  OK  [0m] Started udev Kernel Device Manager.
[[0;32m  OK  [0m] Started Dispatch Password Requests to Console Directory Watch.
[[0;32m  OK  [0m] Reached target Local Encrypted Volumes.
[[0;32m  OK  [0m] Started Set console font and keymap.
[[0;32m  OK  [0m] Started Tell Plymouth To Write Out Runtime Data.
[[0;32m  OK  [0m] Started Flush Journal to Persistent Storage.
         Starting Create Volatile Files and Directories...
[[0;32m  OK  [0m] Started Create Volatile Files and Directories.
         Starting Update UTMP about System Boot/Shutdown...
[[0;32m  OK  [0m] Started Update UTMP about System Boot/Shutdown.
[[0;32m  OK  [0m] Started ebtables ruleset management.
[[0;32m  OK  [0m] Found device /dev/ttyS0.
[[0;32m  OK  [0m] Listening on Load/Save RF Kill Switch Status /dev/rfkill Watch.
[[0;32m  OK  [0m] Started AppArmor initialization.
         Starting Initial cloud-init job (pre-networking)...
[    6.111717] cloud-init[534]: Cloud-init v. 19.1-1-gbaa47854-0ubuntu1~18.04.1 running 'init-local' at Mon, 22 Jul 2019 01:20:08 +0000. Up 5.92 seconds.
[[0;32m  OK  [0m] Started Initial cloud-init job (pre-networking).
[[0;32m  OK  [0m] Reached target Network (Pre).
         Starting Network Service...
[[0;32m  OK  [0m] Started Network Service.
         Starting Wait for Network to be Configured...
         Starting Network Name Resolution...
[[0;32m  OK  [0m] Started Network Name Resolution.
[[0;32m  OK  [0m] Reached target Host and Network Name Lookups.
[[0;32m  OK  [0m] Reached target Network.
[[0;32m  OK  [0m] Started Wait for Network to be Configured.
         Starting Initial cloud-init job (metadata service crawler)...
[    8.592751] cloud-init[657]: Cloud-init v. 19.1-1-gbaa47854-0ubuntu1~18.04.1 running 'init' at Mon, 22 Jul 2019 01:20:11 +0000. Up 8.46 seconds.
[    8.595099] cloud-init[657]: ci-info: ++++++++++++++++++++++++++++++++++++++Net device info+++++++++++++++++++++++++++++++++++++++
[    8.597878] cloud-init[657]: ci-info: +--------+------+-----------------------------+---------------+--------+-------------------+
[    8.599905] cloud-init[657]: ci-info: | Device |  Up  |           Address           |      Mask     | Scope  |     Hw-Address    |
[    8.601982] cloud-init[657]: ci-info: +--------+------+-----------------------------+---------------+--------+-------------------+
[    8.603902] cloud-init[657]: ci-info: | enp0s3 | True |          10.0.2.15          | 255.255.255.0 | global | 02:8e:15:2e:ea:07 |
[    8.605894] cloud-init[657]: ci-info: | enp0s3 | True |  fe80::8e:15ff:fe2e:ea07/64 |       .       |  link  | 02:8e:15:2e:ea:07 |
[    8.607817] cloud-init[657]: ci-info: | enp0s8 | True |        192.168.33.11        | 255.255.255.0 | global | 08:00:27:59:2b:f5 |
[    8.609967] cloud-init[657]: ci-info: | enp0s8 | True | fe80::a00:27ff:fe59:2bf5/64 |       .       |  link  | 08:00:27:59:2b:f5 |
[    8.612723] cloud-init[657]: ci-info: |   lo   | True |          127.0.0.1          |   255.0.0.0   |  host  |         .         |
[    8.614790] cloud-init[657]: ci-info: |   lo   | True |           ::1/128           |       .       |  host  |         .         |
[    8.616184] cloud-init[657]: ci-info: +--------+------+-----------------------------+---------------+--------+-------------------+
[    8.617488] cloud-init[657]: ci-info: +++++++++++++++++++++++++++++Route IPv4 info+++++++++++++++++++++++++++++
[    8.619016] cloud-init[657]: ci-info: +-------+--------------+----------+-----------------+-----------+-------+
[    8.620723] cloud-init[657]: ci-info: | Route | Destination  | Gateway  |     Genmask     | Interface | Flags |
[    8.622399] cloud-init[657]: ci-info: +-------+--------------+----------+-----------------+-----------+-------+
[    8.624144] cloud-init[657]: ci-info: |   0   |   0.0.0.0    | 10.0.2.2 |     0.0.0.0     |   enp0s3  |   UG  |
[    8.625626] cloud-init[657]: ci-info: |   1   |   10.0.2.0   | 0.0.0.0  |  255.255.255.0  |   enp0s3  |   U   |
[    8.627443] cloud-init[657]: ci-info: |   2   |   10.0.2.2   | 0.0.0.0  | 255.255.255.255 |   enp0s3  |   UH  |
[    8.629704] cloud-init[657]: ci-info: |   3   | 192.168.33.0 | 0.0.0.0  |  255.255.255.0  |   enp0s8  |   U   |
[    8.630838] cloud-init[657]: ci-info: +-------+--------------+----------+-----------------+-----------+-------+
[    8.632137] cloud-init[657]: ci-info: +++++++++++++++++++Route IPv6 info+++++++++++++++++++
[    8.633535] cloud-init[657]: ci-info: +-------+-------------+---------+-----------+-------+
[    8.634947] cloud-init[657]: ci-info: | Route | Destination | Gateway | Interface | Flags |
[    8.636403] cloud-init[657]: ci-info: +-------+-------------+---------+-----------+-------+
[    8.637773] cloud-init[657]: ci-info: |   1   |  fe80::/64  |    ::   |   enp0s8  |   U   |
[    8.639141] cloud-init[657]: ci-info: |   2   |  fe80::/64  |    ::   |   enp0s3  |   U   |
[    8.648250] cloud-init[657]: ci-info: |   4   |    local    |    ::   |   enp0s3  |   U   |
[    8.649697] cloud-init[657]: ci-info: |   5   |    local    |    ::   |   enp0s8  |   U   |
[    8.651102] cloud-init[657]: ci-info: |   6   |   ff00::/8  |    ::   |   enp0s8  |   U   |
[    8.652501] cloud-init[657]: ci-info: |   7   |   ff00::/8  |    ::   |   enp0s3  |   U   |
[    8.653921] cloud-init[657]: ci-info: +-------+-------------+---------+-----------+-------+
[[0;32m  OK  [0m] Started Initial cloud-init job (metadata service crawler).
[[0;32m  OK  [0m] Reached target Network is Online.
         Starting Availability of block devices...
[[0;32m  OK  [0m] Reached target Remote File Systems (Pre).
[[0;32m  OK  [0m] Reached target Remote File Systems.
[[0;32m  OK  [0m] Reached target System Initialization.
[[0;32m  OK  [0m] Listening on D-Bus System Message Bus Socket.
[[0;32m  OK  [0m] Started Discard unused blocks once a week.
[[0;32m  OK  [0m] Started Message of the Day.
[[0;32m  OK  [0m] Listening on UUID daemon activation socket.
[[0;32m  OK  [0m] Listening on Open-iSCSI iscsid Socket.
[[0;32m  OK  [0m] Started Daily apt download activities.
[[0;32m  OK  [0m] Started Daily apt upgrade and clean activities.
         Starting LXD - unix socket.
[[0;32m  OK  [0m] Started ACPI Events Check.
[[0;32m  OK  [0m] Reached target Paths.
[[0;32m  OK  [0m] Listening on ACPID Listen Socket.
         Starting Socket activation for snappy daemon.
[[0;32m  OK  [0m] Started Daily Cleanup of Temporary Directories.
[[0;32m  OK  [0m] Reached target Timers.
[[0;32m  OK  [0m] Reached target Cloud-config availability.
[[0;32m  OK  [0m] Started Availability of block devices.
[[0;32m  OK  [0m] Listening on LXD - unix socket.
[[0;32m  OK  [0m] Listening on Socket activation for snappy daemon.
[[0;32m  OK  [0m] Reached target Sockets.
[[0;32m  OK  [0m] Reached target Basic System.
         Starting Message of the Day...
         Starting Accounts Service...
[[0;32m  OK  [0m] Started D-Bus System Message Bus.
         Starting LSB: Record successful boot for GRUB...
[[0;32m  OK  [0m] Started irqbalance daemon.
         Starting System Logging Service...
         Starting Login Service...
[[0;32m  OK  [0m] Started FUSE filesystem for LXC.
         Starting Snappy daemon...
         Starting Dispatcher daemon for systemd-networkd...
[[0;32m  OK  [0m] Started Regular background program processing daemon.
         Starting LSB: automatic crash report generation...
         Starting OpenBSD Secure Shell server...
[[0;32m  OK  [0m] Started Deferred execution scheduler.
         Starting Permit User Sessions...
         Starting Discard unused blocks...
         Starting Virtualbox guest utils...
         Starting LXD - container startup/shutdown...
[[0;32m  OK  [0m] Started System Logging Service.
[[0;32m  OK  [0m] Started Permit User Sessions.
[[0;32m  OK  [0m] Started OpenBSD Secure Shell server.
[[0;32m  OK  [0m] Started Discard unused blocks.
[[0;32m  OK  [0m] Started Login Service.
[[0;32m  OK  [0m] Started Unattended Upgrades Shutdown.
         Starting Terminate Plymouth Boot Screen...
         Starting Hold until boot process finishes up...
         Starting Authorization Manager...
[[0;32m  OK  [0m] Started Hold until boot process finishes up.
[[0;32m  OK  [0m] Started Serial Getty on ttyS0.
         Starting Set console scheme...
[[0;32m  OK  [0m] Started Terminate Plymouth Boot Screen.
[[0;32m  OK  [0m] Started Snappy daemon.
         Starting Wait until snapd is fully seeded...
[[0;32m  OK  [0m] Started Authorization Manager.
[[0;32m  OK  [0m] Started Accounts Service.
[[0;32m  OK  [0m] Started Set console scheme.
[[0;32m  OK  [0m] Created slice system-getty.slice.
[[0;32m  OK  [0m] Started Getty on tty1.
[[0;32m  OK  [0m] Reached target Login Prompts.
[[0;32m  OK  [0m] Started LSB: automatic crash report generation.
[[0;32m  OK  [0m] Started Wait until snapd is fully seeded.
         Starting Apply the settings specified in cloud-config...
[[0;32m  OK  [0m] Started LSB: Record successful boot for GRUB.
[[0;32m  OK  [0m] Started Dispatcher daemon for systemd-networkd.
[[0;32m  OK  [0m] Started LXD - container startup/shutdown.
[[0;32m  OK  [0m] Started Virtualbox guest utils.
[[0;32m  OK  [0m] Reached target Multi-User System.
[[0;32m  OK  [0m] Reached target Graphical Interface.
         Starting Update UTMP about System Runlevel Changes...
[[0;32m  OK  [0m] Started Update UTMP about System Runlevel Changes.
[   10.181199] cloud-init[1102]: Cloud-init v. 19.1-1-gbaa47854-0ubuntu1~18.04.1 running 'modules:config' at Mon, 22 Jul 2019 01:20:13 +0000. Up 10.09 seconds.
[[0;32m  OK  [0m] Started Apply the settings specified in cloud-config.
         Starting Execute cloud user/final scripts...
[[0;32m  OK  [0m] Started Message of the Day.
[   10.618017] cloud-init[1182]: Cloud-init v. 19.1-1-gbaa47854-0ubuntu1~18.04.1 running 'modules:final' at Mon, 22 Jul 2019 01:20:13 +0000. Up 10.53 seconds.
[   10.619926] cloud-init[1182]: Cloud-init v. 19.1-1-gbaa47854-0ubuntu1~18.04.1 finished at Mon, 22 Jul 2019 01:20:13 +0000. Datasource DataSourceNoCloud [seed=/dev/sdb][dsmode=net].  Up 10.61 seconds
[[0;32m  OK  [0m] Started Execute cloud user/final scripts.
[[0;32m  OK  [0m] Reached target Cloud-init target.
         Starting Daily apt download activities...
[[0;32m  OK  [0m] Created slice User Slice of vagrant.
         Starting User Manager for UID 1000...
[[0;32m  OK  [0m] Started Session 1 of user vagrant.
[[0;32m  OK  [0m] Started User Manager for UID 1000.

Ubuntu 18.04.2 LTS ubuntu-bionic ttyS0

ubuntu-bionic login: 